2024-08-11 04:11:43,297 - __main__ - main.py (102) - INFO - Starting the email processing script
2024-08-11 04:11:43,298 - __main__ - main.py (29) - INFO - Connecting to the email server
2024-08-11 04:11:43,772 - __main__ - main.py (32) - INFO - Connected and logged in to the email server
2024-08-11 04:11:43,772 - __main__ - main.py (37) - INFO - Selecting the inbox for searching
2024-08-11 04:11:44,538 - __main__ - main.py (43) - INFO - Search completed. Number of emails found: 2
2024-08-11 04:11:44,538 - __main__ - main.py (48) - INFO - Fetching email with ID: 34852
2024-08-11 04:11:44,611 - __main__ - main.py (61) - INFO - <nM_EZLw3SGWkntvXX-PA4A@geopod-ismtpd-8> - Sun, 04 Aug 2024 05:09:07 +0000 (UTC): Processing singlepart email
2024-08-11 04:11:44,611 - __main__ - main.py (79) - INFO - <nM_EZLw3SGWkntvXX-PA4A@geopod-ismtpd-8> - Sun, 04 Aug 2024 05:09:07 +0000 (UTC): Processing singlepart email content
2024-08-11 04:11:44,611 - __main__ - main.py (86) - INFO - <nM_EZLw3SGWkntvXX-PA4A@geopod-ismtpd-8> - Sun, 04 Aug 2024 05:09:07 +0000 (UTC): Extracting download link from the HTML content
2024-08-11 04:11:44,615 - __main__ - main.py (92) - INFO - <nM_EZLw3SGWkntvXX-PA4A@geopod-ismtpd-8> - Sun, 04 Aug 2024 05:09:07 +0000 (UTC): Download link found
2024-08-11 04:11:44,615 - __main__ - main.py (93) - INFO - <nM_EZLw3SGWkntvXX-PA4A@geopod-ismtpd-8> - Sun, 04 Aug 2024 05:09:07 +0000 (UTC): Download Link Text: Download Files
2024-08-11 04:11:44,615 - __main__ - main.py (94) - INFO - <nM_EZLw3SGWkntvXX-PA4A@geopod-ismtpd-8> - Sun, 04 Aug 2024 05:09:07 +0000 (UTC): Download Link URL: https://u1828302.ct.sendgrid.net/ls/click?upn=u001.6LWBjbxSBNdXNKQWMMvQrzwaeMrkDLsiEVK373sJjIBJYShy1GSPliuqmI02Qm-2F6Ad4Wkvc2GUrbys1L89EhEgu8vgEJNAc3XPQyyasHRHtCkIMZG8DDB6J4CDARjKBHaRfvz5WWfsy8R6mBPXkHUt2Sx70oC4YOR-2BP-2FIKseq1yUQq-2B0Jo7AO2KxDydTvUaF9PR7MBqTn3ilVXr-2FQa-2F75qPLPkunqyyWooQxLy8wNawSWW-2FIQ0k7w6yGBF7m0BejenKvWTxWyBh4Zr3y4Y-2F7rlxUHOr49LwuigzH2jtWuQXeHFVgY0f0zqvrPY-2FEktInP8Sxmn0a5-2FcE0srIA0ED90icsk0KteQa1cqUfdvSsxKOV76YFFvw0169cJ0PypIQYWpwCC8oXZIdhKEnfCsIg-2FlFmtpmNfPuwu0xP-2BYCQw8-3DqOtN_uGLG8y6al8XdNbjuwcES1uFfXz8HWYYDspAW9NOl0b-2B6mzcqcz3bsV21pMeyOrd1Jsf7QJ5vkvH8yFgTNED-2F3wwo8unIn68zvksWzKas96vJIsnKibmabzicV4pH-2B1T2nW8j4TohToxIrGmcrh4LudFVjBCmhOnA5TsZ435R-2FhZ2zu0Bzh5boREXlW-2FSbZKcTx3yIIMFyiOEmzytqERWP-2FMQP2EJgSYU2Qnv1DjMJccaqSNxOrG3UMJzk00sSyjkyKZ889yPujLEAg0dKw93HnT216BVwWE6hr4qzwhFrUugxFPdA-2F2fFeTGP7FFBC3RYUeCXt8FbixtVuqDRXwmjg-3D-3D
2024-08-11 04:11:44,616 - __main__ - main.py (48) - INFO - Fetching email with ID: 35321
2024-08-11 04:11:44,658 - __main__ - main.py (61) - INFO - <J-gq1sVUSbWoaE-RtuRPug@geopod-ismtpd-6> - Sun, 11 Aug 2024 03:18:00 +0000 (UTC): Processing singlepart email
2024-08-11 04:11:44,658 - __main__ - main.py (79) - INFO - <J-gq1sVUSbWoaE-RtuRPug@geopod-ismtpd-6> - Sun, 11 Aug 2024 03:18:00 +0000 (UTC): Processing singlepart email content
2024-08-11 04:11:44,658 - __main__ - main.py (86) - INFO - <J-gq1sVUSbWoaE-RtuRPug@geopod-ismtpd-6> - Sun, 11 Aug 2024 03:18:00 +0000 (UTC): Extracting download link from the HTML content
2024-08-11 04:11:44,662 - __main__ - main.py (92) - INFO - <J-gq1sVUSbWoaE-RtuRPug@geopod-ismtpd-6> - Sun, 11 Aug 2024 03:18:00 +0000 (UTC): Download link found
2024-08-11 04:11:44,662 - __main__ - main.py (93) - INFO - <J-gq1sVUSbWoaE-RtuRPug@geopod-ismtpd-6> - Sun, 11 Aug 2024 03:18:00 +0000 (UTC): Download Link Text: Download Files
2024-08-11 04:11:44,662 - __main__ - main.py (94) - INFO - <J-gq1sVUSbWoaE-RtuRPug@geopod-ismtpd-6> - Sun, 11 Aug 2024 03:18:00 +0000 (UTC): Download Link URL: https://u1828302.ct.sendgrid.net/ls/click?upn=u001.6LWBjbxSBNdXNKQWMMvQrzwaeMrkDLsiEVK373sJjIBJYShy1GSPliuqmI02Qm-2F6Ad4Wkvc2GUrbys1L89EhEgu8vgEJNAc3XPQyyasHRHtQyoGzjI0q8EPmsyaBzxGZf3-2FEJD4ZsAaU9LQguVlGkoKgaqiLImnLzkzMyKFJfT9g6jjXHOInCuBGdG0scayoo1CUJ-2FoyKpubyT5Z0WSaBDqwbXdtq-2Fk4Cjrq3wyBy96lW9VaqAlectmEkrdbgnW42VmbEr1iKLKGhiCgJb5MHS3HOQE1zqP3Heh2OgeUa6D-2BosUkHe0kg6-2FTuovTYhPcaN1sY-2BJ6qMRWq-2Ffnqr-2BsHDn3Dq4WL6-2FL2PtIH0pSUIhD2S8W57GKYc30wT2HPGe2uWADiRM9WWDNb3rAv-2FSwjI6xw1ZIZTpL6SfNapV4rhs-3DlNvX_uGLG8y6al8XdNbjuwcES1uFfXz8HWYYDspAW9NOl0b-2B6mzcqcz3bsV21pMeyOrd1W-2FBKICpYbUYM56gY3iqWft4tgU4O1r8WxmmXJnho2JO61oUJk-2BfOgrQCMaVamcCfDnaDlu2dyXIT5r-2FzW2qMSYFh48sJdrpvW3WCXzSMlUnQ4K201oxRshc0g5AUE7a3Tz8gCfGiJ9O8-2Bzg8qofpUfcHeMGFIS5Skxag-2Bl4zgXFHjN18qI9-2FhK7hceOw4KvAND0oa8aooZggMgQfn5FoY5yUZO3eMKKaM0tZjXNBpK56hin5a3ujMOpBqeq7NTcQTi2fXoUUmPTo4t29C8y3ag-3D-3D
2024-08-11 04:11:44,663 - __main__ - main.py (109) - INFO - Logging out from the email server
2024-08-11 04:12:43,891 - __main__ - main.py (102) - INFO - Starting the email processing script
2024-08-11 04:12:43,892 - __main__ - main.py (29) - INFO - Connecting to the email server
2024-08-11 04:12:44,127 - __main__ - main.py (32) - INFO - Connected and logged in to the email server
2024-08-11 04:12:44,127 - __main__ - main.py (37) - INFO - Selecting the inbox for searching
2024-08-11 04:12:44,833 - __main__ - main.py (43) - INFO - Search completed. Number of emails found: 2
2024-08-11 04:12:44,833 - __main__ - main.py (48) - INFO - Fetching email with ID: 34852
2024-08-11 04:12:44,929 - __main__ - main.py (61) - INFO - <nM_EZLw3SGWkntvXX-PA4A@geopod-ismtpd-8> - Sun, 04 Aug 2024 05:09:07 +0000 (UTC): Processing singlepart email
2024-08-11 04:12:44,929 - __main__ - main.py (79) - INFO - <nM_EZLw3SGWkntvXX-PA4A@geopod-ismtpd-8> - Sun, 04 Aug 2024 05:09:07 +0000 (UTC): Processing singlepart email content
2024-08-11 04:12:44,930 - __main__ - main.py (86) - INFO - <nM_EZLw3SGWkntvXX-PA4A@geopod-ismtpd-8> - Sun, 04 Aug 2024 05:09:07 +0000 (UTC): Extracting download link from the HTML content
2024-08-11 04:12:44,933 - __main__ - main.py (92) - INFO - <nM_EZLw3SGWkntvXX-PA4A@geopod-ismtpd-8> - Sun, 04 Aug 2024 05:09:07 +0000 (UTC): Download link found
2024-08-11 04:12:44,933 - __main__ - main.py (93) - INFO - <nM_EZLw3SGWkntvXX-PA4A@geopod-ismtpd-8> - Sun, 04 Aug 2024 05:09:07 +0000 (UTC): Download Link Text: Download Files
2024-08-11 04:12:44,933 - __main__ - main.py (94) - INFO - <nM_EZLw3SGWkntvXX-PA4A@geopod-ismtpd-8> - Sun, 04 Aug 2024 05:09:07 +0000 (UTC): Download Link URL: https://u1828302.ct.sendgrid.net/ls/click?upn=u001.6LWBjbxSBNdXNKQWMMvQrzwaeMrkDLsiEVK373sJjIBJYShy1GSPliuqmI02Qm-2F6Ad4Wkvc2GUrbys1L89EhEgu8vgEJNAc3XPQyyasHRHtCkIMZG8DDB6J4CDARjKBHaRfvz5WWfsy8R6mBPXkHUt2Sx70oC4YOR-2BP-2FIKseq1yUQq-2B0Jo7AO2KxDydTvUaF9PR7MBqTn3ilVXr-2FQa-2F75qPLPkunqyyWooQxLy8wNawSWW-2FIQ0k7w6yGBF7m0BejenKvWTxWyBh4Zr3y4Y-2F7rlxUHOr49LwuigzH2jtWuQXeHFVgY0f0zqvrPY-2FEktInP8Sxmn0a5-2FcE0srIA0ED90icsk0KteQa1cqUfdvSsxKOV76YFFvw0169cJ0PypIQYWpwCC8oXZIdhKEnfCsIg-2FlFmtpmNfPuwu0xP-2BYCQw8-3DqOtN_uGLG8y6al8XdNbjuwcES1uFfXz8HWYYDspAW9NOl0b-2B6mzcqcz3bsV21pMeyOrd1Jsf7QJ5vkvH8yFgTNED-2F3wwo8unIn68zvksWzKas96vJIsnKibmabzicV4pH-2B1T2nW8j4TohToxIrGmcrh4LudFVjBCmhOnA5TsZ435R-2FhZ2zu0Bzh5boREXlW-2FSbZKcTx3yIIMFyiOEmzytqERWP-2FMQP2EJgSYU2Qnv1DjMJccaqSNxOrG3UMJzk00sSyjkyKZ889yPujLEAg0dKw93HnT216BVwWE6hr4qzwhFrUugxFPdA-2F2fFeTGP7FFBC3RYUeCXt8FbixtVuqDRXwmjg-3D-3D
2024-08-11 04:12:44,933 - __main__ - main.py (48) - INFO - Fetching email with ID: 35321
2024-08-11 04:12:44,992 - __main__ - main.py (61) - INFO - <J-gq1sVUSbWoaE-RtuRPug@geopod-ismtpd-6> - Sun, 11 Aug 2024 03:18:00 +0000 (UTC): Processing singlepart email
2024-08-11 04:12:44,992 - __main__ - main.py (79) - INFO - <J-gq1sVUSbWoaE-RtuRPug@geopod-ismtpd-6> - Sun, 11 Aug 2024 03:18:00 +0000 (UTC): Processing singlepart email content
2024-08-11 04:12:44,993 - __main__ - main.py (86) - INFO - <J-gq1sVUSbWoaE-RtuRPug@geopod-ismtpd-6> - Sun, 11 Aug 2024 03:18:00 +0000 (UTC): Extracting download link from the HTML content
2024-08-11 04:12:44,996 - __main__ - main.py (92) - INFO - <J-gq1sVUSbWoaE-RtuRPug@geopod-ismtpd-6> - Sun, 11 Aug 2024 03:18:00 +0000 (UTC): Download link found
2024-08-11 04:12:44,996 - __main__ - main.py (93) - INFO - <J-gq1sVUSbWoaE-RtuRPug@geopod-ismtpd-6> - Sun, 11 Aug 2024 03:18:00 +0000 (UTC): Download Link Text: Download Files
2024-08-11 04:12:44,996 - __main__ - main.py (94) - INFO - <J-gq1sVUSbWoaE-RtuRPug@geopod-ismtpd-6> - Sun, 11 Aug 2024 03:18:00 +0000 (UTC): Download Link URL: https://u1828302.ct.sendgrid.net/ls/click?upn=u001.6LWBjbxSBNdXNKQWMMvQrzwaeMrkDLsiEVK373sJjIBJYShy1GSPliuqmI02Qm-2F6Ad4Wkvc2GUrbys1L89EhEgu8vgEJNAc3XPQyyasHRHtQyoGzjI0q8EPmsyaBzxGZf3-2FEJD4ZsAaU9LQguVlGkoKgaqiLImnLzkzMyKFJfT9g6jjXHOInCuBGdG0scayoo1CUJ-2FoyKpubyT5Z0WSaBDqwbXdtq-2Fk4Cjrq3wyBy96lW9VaqAlectmEkrdbgnW42VmbEr1iKLKGhiCgJb5MHS3HOQE1zqP3Heh2OgeUa6D-2BosUkHe0kg6-2FTuovTYhPcaN1sY-2BJ6qMRWq-2Ffnqr-2BsHDn3Dq4WL6-2FL2PtIH0pSUIhD2S8W57GKYc30wT2HPGe2uWADiRM9WWDNb3rAv-2FSwjI6xw1ZIZTpL6SfNapV4rhs-3DlNvX_uGLG8y6al8XdNbjuwcES1uFfXz8HWYYDspAW9NOl0b-2B6mzcqcz3bsV21pMeyOrd1W-2FBKICpYbUYM56gY3iqWft4tgU4O1r8WxmmXJnho2JO61oUJk-2BfOgrQCMaVamcCfDnaDlu2dyXIT5r-2FzW2qMSYFh48sJdrpvW3WCXzSMlUnQ4K201oxRshc0g5AUE7a3Tz8gCfGiJ9O8-2Bzg8qofpUfcHeMGFIS5Skxag-2Bl4zgXFHjN18qI9-2FhK7hceOw4KvAND0oa8aooZggMgQfn5FoY5yUZO3eMKKaM0tZjXNBpK56hin5a3ujMOpBqeq7NTcQTi2fXoUUmPTo4t29C8y3ag-3D-3D
2024-08-11 04:12:44,996 - __main__ - main.py (109) - INFO - Logging out from the email server
2024-08-11 04:14:03,998 - __main__ - main.py (110) - INFO - Starting the email processing script
2024-08-11 04:14:03,999 - __main__ - main.py (29) - INFO - Connecting to the email server
2024-08-11 04:14:04,392 - __main__ - main.py (32) - INFO - Connected and logged in to the email server
2024-08-11 04:14:04,392 - __main__ - main.py (37) - INFO - Selecting the inbox for searching
2024-08-11 04:14:05,124 - __main__ - main.py (43) - INFO - Search completed. Number of emails found: 2
2024-08-11 04:14:05,125 - __main__ - main.py (49) - INFO - Fetching email with ID: 34852
2024-08-11 04:14:05,224 - __main__ - main.py (62) - INFO - <nM_EZLw3SGWkntvXX-PA4A@geopod-ismtpd-8> - Sun, 04 Aug 2024 05:09:07 +0000 (UTC): Processing singlepart email
2024-08-11 04:14:05,224 - __main__ - main.py (84) - INFO - <nM_EZLw3SGWkntvXX-PA4A@geopod-ismtpd-8> - Sun, 04 Aug 2024 05:09:07 +0000 (UTC): Processing singlepart email content
2024-08-11 04:14:05,225 - __main__ - main.py (93) - INFO - <nM_EZLw3SGWkntvXX-PA4A@geopod-ismtpd-8>: Extracting download link from the HTML content
2024-08-11 04:14:05,228 - __main__ - main.py (99) - INFO - <nM_EZLw3SGWkntvXX-PA4A@geopod-ismtpd-8>: Download link found
2024-08-11 04:14:05,228 - __main__ - main.py (118) - INFO - <nM_EZLw3SGWkntvXX-PA4A@geopod-ismtpd-8>: Download link: https://u1828302.ct.sendgrid.net/ls/click?upn=u001.6LWBjbxSBNdXNKQWMMvQrzwaeMrkDLsiEVK373sJjIBJYShy1GSPliuqmI02Qm-2F6Ad4Wkvc2GUrbys1L89EhEgu8vgEJNAc3XPQyyasHRHtCkIMZG8DDB6J4CDARjKBHaRfvz5WWfsy8R6mBPXkHUt2Sx70oC4YOR-2BP-2FIKseq1yUQq-2B0Jo7AO2KxDydTvUaF9PR7MBqTn3ilVXr-2FQa-2F75qPLPkunqyyWooQxLy8wNawSWW-2FIQ0k7w6yGBF7m0BejenKvWTxWyBh4Zr3y4Y-2F7rlxUHOr49LwuigzH2jtWuQXeHFVgY0f0zqvrPY-2FEktInP8Sxmn0a5-2FcE0srIA0ED90icsk0KteQa1cqUfdvSsxKOV76YFFvw0169cJ0PypIQYWpwCC8oXZIdhKEnfCsIg-2FlFmtpmNfPuwu0xP-2BYCQw8-3DqOtN_uGLG8y6al8XdNbjuwcES1uFfXz8HWYYDspAW9NOl0b-2B6mzcqcz3bsV21pMeyOrd1Jsf7QJ5vkvH8yFgTNED-2F3wwo8unIn68zvksWzKas96vJIsnKibmabzicV4pH-2B1T2nW8j4TohToxIrGmcrh4LudFVjBCmhOnA5TsZ435R-2FhZ2zu0Bzh5boREXlW-2FSbZKcTx3yIIMFyiOEmzytqERWP-2FMQP2EJgSYU2Qnv1DjMJccaqSNxOrG3UMJzk00sSyjkyKZ889yPujLEAg0dKw93HnT216BVwWE6hr4qzwhFrUugxFPdA-2F2fFeTGP7FFBC3RYUeCXt8FbixtVuqDRXwmjg-3D-3D
2024-08-11 04:14:05,228 - __main__ - main.py (49) - INFO - Fetching email with ID: 35321
2024-08-11 04:14:05,297 - __main__ - main.py (62) - INFO - <J-gq1sVUSbWoaE-RtuRPug@geopod-ismtpd-6> - Sun, 11 Aug 2024 03:18:00 +0000 (UTC): Processing singlepart email
2024-08-11 04:14:05,297 - __main__ - main.py (84) - INFO - <J-gq1sVUSbWoaE-RtuRPug@geopod-ismtpd-6> - Sun, 11 Aug 2024 03:18:00 +0000 (UTC): Processing singlepart email content
2024-08-11 04:14:05,298 - __main__ - main.py (93) - INFO - <J-gq1sVUSbWoaE-RtuRPug@geopod-ismtpd-6>: Extracting download link from the HTML content
2024-08-11 04:14:05,303 - __main__ - main.py (99) - INFO - <J-gq1sVUSbWoaE-RtuRPug@geopod-ismtpd-6>: Download link found
2024-08-11 04:14:05,303 - __main__ - main.py (118) - INFO - <J-gq1sVUSbWoaE-RtuRPug@geopod-ismtpd-6>: Download link: https://u1828302.ct.sendgrid.net/ls/click?upn=u001.6LWBjbxSBNdXNKQWMMvQrzwaeMrkDLsiEVK373sJjIBJYShy1GSPliuqmI02Qm-2F6Ad4Wkvc2GUrbys1L89EhEgu8vgEJNAc3XPQyyasHRHtQyoGzjI0q8EPmsyaBzxGZf3-2FEJD4ZsAaU9LQguVlGkoKgaqiLImnLzkzMyKFJfT9g6jjXHOInCuBGdG0scayoo1CUJ-2FoyKpubyT5Z0WSaBDqwbXdtq-2Fk4Cjrq3wyBy96lW9VaqAlectmEkrdbgnW42VmbEr1iKLKGhiCgJb5MHS3HOQE1zqP3Heh2OgeUa6D-2BosUkHe0kg6-2FTuovTYhPcaN1sY-2BJ6qMRWq-2Ffnqr-2BsHDn3Dq4WL6-2FL2PtIH0pSUIhD2S8W57GKYc30wT2HPGe2uWADiRM9WWDNb3rAv-2FSwjI6xw1ZIZTpL6SfNapV4rhs-3DlNvX_uGLG8y6al8XdNbjuwcES1uFfXz8HWYYDspAW9NOl0b-2B6mzcqcz3bsV21pMeyOrd1W-2FBKICpYbUYM56gY3iqWft4tgU4O1r8WxmmXJnho2JO61oUJk-2BfOgrQCMaVamcCfDnaDlu2dyXIT5r-2FzW2qMSYFh48sJdrpvW3WCXzSMlUnQ4K201oxRshc0g5AUE7a3Tz8gCfGiJ9O8-2Bzg8qofpUfcHeMGFIS5Skxag-2Bl4zgXFHjN18qI9-2FhK7hceOw4KvAND0oa8aooZggMgQfn5FoY5yUZO3eMKKaM0tZjXNBpK56hin5a3ujMOpBqeq7NTcQTi2fXoUUmPTo4t29C8y3ag-3D-3D
2024-08-11 04:14:05,303 - __main__ - main.py (120) - INFO - Logging out from the email server
2024-08-11 04:14:15,408 - __main__ - main.py (110) - INFO - Starting the email processing script
2024-08-11 04:14:15,409 - __main__ - main.py (29) - INFO - Connecting to the email server
2024-08-11 04:14:15,638 - __main__ - main.py (32) - INFO - Connected and logged in to the email server
2024-08-11 04:14:15,638 - __main__ - main.py (37) - INFO - Selecting the inbox for searching
2024-08-11 04:14:16,328 - __main__ - main.py (43) - INFO - Search completed. Number of emails found: 2
2024-08-11 04:14:16,329 - __main__ - main.py (49) - INFO - Fetching email with ID: 34852
2024-08-11 04:14:16,424 - __main__ - main.py (62) - INFO - <nM_EZLw3SGWkntvXX-PA4A@geopod-ismtpd-8> - Sun, 04 Aug 2024 05:09:07 +0000 (UTC): Processing singlepart email
2024-08-11 04:14:16,424 - __main__ - main.py (84) - INFO - <nM_EZLw3SGWkntvXX-PA4A@geopod-ismtpd-8> - Sun, 04 Aug 2024 05:09:07 +0000 (UTC): Processing singlepart email content
2024-08-11 04:14:16,424 - __main__ - main.py (93) - INFO - <nM_EZLw3SGWkntvXX-PA4A@geopod-ismtpd-8>: Extracting download link from the HTML content
2024-08-11 04:14:16,428 - __main__ - main.py (99) - INFO - <nM_EZLw3SGWkntvXX-PA4A@geopod-ismtpd-8>: Download link found
2024-08-11 04:14:16,429 - __main__ - main.py (118) - INFO - <nM_EZLw3SGWkntvXX-PA4A@geopod-ismtpd-8>: Download link: https://u1828302.ct.sendgrid.net/ls/click?upn=u001.6LWBjbxSBNdXNKQWMMvQrzwaeMrkDLsiEVK373sJjIBJYShy1GSPliuqmI02Qm-2F6Ad4Wkvc2GUrbys1L89EhEgu8vgEJNAc3XPQyyasHRHtCkIMZG8DDB6J4CDARjKBHaRfvz5WWfsy8R6mBPXkHUt2Sx70oC4YOR-2BP-2FIKseq1yUQq-2B0Jo7AO2KxDydTvUaF9PR7MBqTn3ilVXr-2FQa-2F75qPLPkunqyyWooQxLy8wNawSWW-2FIQ0k7w6yGBF7m0BejenKvWTxWyBh4Zr3y4Y-2F7rlxUHOr49LwuigzH2jtWuQXeHFVgY0f0zqvrPY-2FEktInP8Sxmn0a5-2FcE0srIA0ED90icsk0KteQa1cqUfdvSsxKOV76YFFvw0169cJ0PypIQYWpwCC8oXZIdhKEnfCsIg-2FlFmtpmNfPuwu0xP-2BYCQw8-3DqOtN_uGLG8y6al8XdNbjuwcES1uFfXz8HWYYDspAW9NOl0b-2B6mzcqcz3bsV21pMeyOrd1Jsf7QJ5vkvH8yFgTNED-2F3wwo8unIn68zvksWzKas96vJIsnKibmabzicV4pH-2B1T2nW8j4TohToxIrGmcrh4LudFVjBCmhOnA5TsZ435R-2FhZ2zu0Bzh5boREXlW-2FSbZKcTx3yIIMFyiOEmzytqERWP-2FMQP2EJgSYU2Qnv1DjMJccaqSNxOrG3UMJzk00sSyjkyKZ889yPujLEAg0dKw93HnT216BVwWE6hr4qzwhFrUugxFPdA-2F2fFeTGP7FFBC3RYUeCXt8FbixtVuqDRXwmjg-3D-3D
2024-08-11 04:14:16,429 - __main__ - main.py (49) - INFO - Fetching email with ID: 35321
2024-08-11 04:14:16,493 - __main__ - main.py (62) - INFO - <J-gq1sVUSbWoaE-RtuRPug@geopod-ismtpd-6> - Sun, 11 Aug 2024 03:18:00 +0000 (UTC): Processing singlepart email
2024-08-11 04:14:16,493 - __main__ - main.py (84) - INFO - <J-gq1sVUSbWoaE-RtuRPug@geopod-ismtpd-6> - Sun, 11 Aug 2024 03:18:00 +0000 (UTC): Processing singlepart email content
2024-08-11 04:14:16,493 - __main__ - main.py (93) - INFO - <J-gq1sVUSbWoaE-RtuRPug@geopod-ismtpd-6>: Extracting download link from the HTML content
2024-08-11 04:14:16,497 - __main__ - main.py (99) - INFO - <J-gq1sVUSbWoaE-RtuRPug@geopod-ismtpd-6>: Download link found
2024-08-11 04:14:16,497 - __main__ - main.py (118) - INFO - <J-gq1sVUSbWoaE-RtuRPug@geopod-ismtpd-6>: Download link: https://u1828302.ct.sendgrid.net/ls/click?upn=u001.6LWBjbxSBNdXNKQWMMvQrzwaeMrkDLsiEVK373sJjIBJYShy1GSPliuqmI02Qm-2F6Ad4Wkvc2GUrbys1L89EhEgu8vgEJNAc3XPQyyasHRHtQyoGzjI0q8EPmsyaBzxGZf3-2FEJD4ZsAaU9LQguVlGkoKgaqiLImnLzkzMyKFJfT9g6jjXHOInCuBGdG0scayoo1CUJ-2FoyKpubyT5Z0WSaBDqwbXdtq-2Fk4Cjrq3wyBy96lW9VaqAlectmEkrdbgnW42VmbEr1iKLKGhiCgJb5MHS3HOQE1zqP3Heh2OgeUa6D-2BosUkHe0kg6-2FTuovTYhPcaN1sY-2BJ6qMRWq-2Ffnqr-2BsHDn3Dq4WL6-2FL2PtIH0pSUIhD2S8W57GKYc30wT2HPGe2uWADiRM9WWDNb3rAv-2FSwjI6xw1ZIZTpL6SfNapV4rhs-3DlNvX_uGLG8y6al8XdNbjuwcES1uFfXz8HWYYDspAW9NOl0b-2B6mzcqcz3bsV21pMeyOrd1W-2FBKICpYbUYM56gY3iqWft4tgU4O1r8WxmmXJnho2JO61oUJk-2BfOgrQCMaVamcCfDnaDlu2dyXIT5r-2FzW2qMSYFh48sJdrpvW3WCXzSMlUnQ4K201oxRshc0g5AUE7a3Tz8gCfGiJ9O8-2Bzg8qofpUfcHeMGFIS5Skxag-2Bl4zgXFHjN18qI9-2FhK7hceOw4KvAND0oa8aooZggMgQfn5FoY5yUZO3eMKKaM0tZjXNBpK56hin5a3ujMOpBqeq7NTcQTi2fXoUUmPTo4t29C8y3ag-3D-3D
2024-08-11 04:14:16,497 - __main__ - main.py (120) - INFO - Logging out from the email server
2024-08-11 04:15:37,532 - __main__ - main.py (109) - INFO - Starting the email processing script
2024-08-11 04:15:37,533 - __main__ - main.py (29) - INFO - Connecting to the email server
2024-08-11 04:15:37,892 - __main__ - main.py (32) - INFO - Connected and logged in to the email server
2024-08-11 04:15:37,892 - __main__ - main.py (37) - INFO - Selecting the inbox for searching
2024-08-11 04:15:38,620 - __main__ - main.py (43) - INFO - Search completed. Number of emails found: 2
2024-08-11 04:15:38,620 - __main__ - main.py (48) - INFO - Fetching email with ID: 34852
2024-08-11 04:15:38,715 - __main__ - main.py (61) - INFO - <nM_EZLw3SGWkntvXX-PA4A@geopod-ismtpd-8> - Sun, 04 Aug 2024 05:09:07 +0000 (UTC): Processing singlepart email
2024-08-11 04:15:38,716 - __main__ - main.py (83) - INFO - <nM_EZLw3SGWkntvXX-PA4A@geopod-ismtpd-8> - Sun, 04 Aug 2024 05:09:07 +0000 (UTC): Processing singlepart email content
2024-08-11 04:15:38,716 - __main__ - main.py (92) - INFO - <nM_EZLw3SGWkntvXX-PA4A@geopod-ismtpd-8>: Extracting download link from the HTML content
2024-08-11 04:15:38,719 - __main__ - main.py (98) - INFO - <nM_EZLw3SGWkntvXX-PA4A@geopod-ismtpd-8>: Download link found
2024-08-11 04:15:38,720 - __main__ - main.py (118) - INFO - <nM_EZLw3SGWkntvXX-PA4A@geopod-ismtpd-8>: Download link: https://u1828302.ct.sendgrid.net/ls/click?upn=u001.6LWBjbxSBNdXNKQWMMvQrzwaeMrkDLsiEVK373sJjIBJYShy1GSPliuqmI02Qm-2F6Ad4Wkvc2GUrbys1L89EhEgu8vgEJNAc3XPQyyasHRHtCkIMZG8DDB6J4CDARjKBHaRfvz5WWfsy8R6mBPXkHUt2Sx70oC4YOR-2BP-2FIKseq1yUQq-2B0Jo7AO2KxDydTvUaF9PR7MBqTn3ilVXr-2FQa-2F75qPLPkunqyyWooQxLy8wNawSWW-2FIQ0k7w6yGBF7m0BejenKvWTxWyBh4Zr3y4Y-2F7rlxUHOr49LwuigzH2jtWuQXeHFVgY0f0zqvrPY-2FEktInP8Sxmn0a5-2FcE0srIA0ED90icsk0KteQa1cqUfdvSsxKOV76YFFvw0169cJ0PypIQYWpwCC8oXZIdhKEnfCsIg-2FlFmtpmNfPuwu0xP-2BYCQw8-3DqOtN_uGLG8y6al8XdNbjuwcES1uFfXz8HWYYDspAW9NOl0b-2B6mzcqcz3bsV21pMeyOrd1Jsf7QJ5vkvH8yFgTNED-2F3wwo8unIn68zvksWzKas96vJIsnKibmabzicV4pH-2B1T2nW8j4TohToxIrGmcrh4LudFVjBCmhOnA5TsZ435R-2FhZ2zu0Bzh5boREXlW-2FSbZKcTx3yIIMFyiOEmzytqERWP-2FMQP2EJgSYU2Qnv1DjMJccaqSNxOrG3UMJzk00sSyjkyKZ889yPujLEAg0dKw93HnT216BVwWE6hr4qzwhFrUugxFPdA-2F2fFeTGP7FFBC3RYUeCXt8FbixtVuqDRXwmjg-3D-3D
2024-08-11 04:15:38,720 - __main__ - main.py (48) - INFO - Fetching email with ID: 35321
2024-08-11 04:15:38,784 - __main__ - main.py (61) - INFO - <J-gq1sVUSbWoaE-RtuRPug@geopod-ismtpd-6> - Sun, 11 Aug 2024 03:18:00 +0000 (UTC): Processing singlepart email
2024-08-11 04:15:38,784 - __main__ - main.py (83) - INFO - <J-gq1sVUSbWoaE-RtuRPug@geopod-ismtpd-6> - Sun, 11 Aug 2024 03:18:00 +0000 (UTC): Processing singlepart email content
2024-08-11 04:15:38,785 - __main__ - main.py (92) - INFO - <J-gq1sVUSbWoaE-RtuRPug@geopod-ismtpd-6>: Extracting download link from the HTML content
2024-08-11 04:15:38,788 - __main__ - main.py (98) - INFO - <J-gq1sVUSbWoaE-RtuRPug@geopod-ismtpd-6>: Download link found
2024-08-11 04:15:38,788 - __main__ - main.py (118) - INFO - <J-gq1sVUSbWoaE-RtuRPug@geopod-ismtpd-6>: Download link: https://u1828302.ct.sendgrid.net/ls/click?upn=u001.6LWBjbxSBNdXNKQWMMvQrzwaeMrkDLsiEVK373sJjIBJYShy1GSPliuqmI02Qm-2F6Ad4Wkvc2GUrbys1L89EhEgu8vgEJNAc3XPQyyasHRHtQyoGzjI0q8EPmsyaBzxGZf3-2FEJD4ZsAaU9LQguVlGkoKgaqiLImnLzkzMyKFJfT9g6jjXHOInCuBGdG0scayoo1CUJ-2FoyKpubyT5Z0WSaBDqwbXdtq-2Fk4Cjrq3wyBy96lW9VaqAlectmEkrdbgnW42VmbEr1iKLKGhiCgJb5MHS3HOQE1zqP3Heh2OgeUa6D-2BosUkHe0kg6-2FTuovTYhPcaN1sY-2BJ6qMRWq-2Ffnqr-2BsHDn3Dq4WL6-2FL2PtIH0pSUIhD2S8W57GKYc30wT2HPGe2uWADiRM9WWDNb3rAv-2FSwjI6xw1ZIZTpL6SfNapV4rhs-3DlNvX_uGLG8y6al8XdNbjuwcES1uFfXz8HWYYDspAW9NOl0b-2B6mzcqcz3bsV21pMeyOrd1W-2FBKICpYbUYM56gY3iqWft4tgU4O1r8WxmmXJnho2JO61oUJk-2BfOgrQCMaVamcCfDnaDlu2dyXIT5r-2FzW2qMSYFh48sJdrpvW3WCXzSMlUnQ4K201oxRshc0g5AUE7a3Tz8gCfGiJ9O8-2Bzg8qofpUfcHeMGFIS5Skxag-2Bl4zgXFHjN18qI9-2FhK7hceOw4KvAND0oa8aooZggMgQfn5FoY5yUZO3eMKKaM0tZjXNBpK56hin5a3ujMOpBqeq7NTcQTi2fXoUUmPTo4t29C8y3ag-3D-3D
2024-08-11 04:15:38,788 - __main__ - main.py (120) - INFO - Logging out from the email server
